This file contains any messages produced by compilers while
running configure, to aid debugging if configure makes a mistake.

It was created by xfsprogs configure 3.2.0-alpha2, which was
generated by GNU Autoconf 2.68.  Invocation command line was

  $ ./configure 

## --------- ##
## Platform. ##
## --------- ##

hostname = fwu-virtual-machine
uname -m = x86_64
uname -r = 3.19.0-rc2-eudyptula-00215-gd753856-dirty
uname -s = Linux
uname -v = #1 SMP Fri Jan 2 17:09:09 CST 2015

/usr/bin/uname -p = unknown
/bin/uname -X     = unknown

/bin/arch              = unknown
/usr/bin/arch -k       = unknown
/usr/convex/getsysinfo = unknown
/usr/bin/hostinfo      = unknown
/bin/machine           = unknown
/usr/bin/oslevel       = unknown
/bin/universe          = unknown

PATH: /usr/local/sbin
PATH: /usr/local/bin
PATH: /usr/sbin
PATH: /usr/bin
PATH: /sbin
PATH: /bin
PATH: /usr/games
PATH: /usr/local/games


## ----------- ##
## Core tests. ##
## ----------- ##

configure:2451: checking build system type
configure:2465: result: x86_64-unknown-linux-gnu
configure:2485: checking host system type
configure:2498: result: x86_64-unknown-linux-gnu
configure:2539: checking how to print strings
configure:2566: result: printf
configure:2635: checking for gcc
configure:2651: found /usr/bin/gcc
configure:2662: result: gcc
configure:2891: checking for C compiler version
configure:2900: gcc --version >&5
gcc (Ubuntu 4.8.2-19ubuntu1) 4.8.2
Copyright (C) 2013 Free Software Foundation, Inc.
This is free software; see the source for copying conditions.  There is NO
warranty; not even for MERCHANTABILITY or FITNESS FOR A PARTICULAR PURPOSE.

configure:2911: $? = 0
configure:2900: gcc -v >&5
Using built-in specs.
COLLECT_GCC=gcc
COLLECT_LTO_WRAPPER=/usr/lib/gcc/x86_64-linux-gnu/4.8/lto-wrapper
Target: x86_64-linux-gnu
Configured with: ../src/configure -v --with-pkgversion='Ubuntu 4.8.2-19ubuntu1' --with-bugurl=file:///usr/share/doc/gcc-4.8/README.Bugs --enable-languages=c,c++,java,go,d,fortran,objc,obj-c++ --prefix=/usr --program-suffix=-4.8 --enable-shared --enable-linker-build-id --libexecdir=/usr/lib --without-included-gettext --enable-threads=posix --with-gxx-include-dir=/usr/include/c++/4.8 --libdir=/usr/lib --enable-nls --with-sysroot=/ --enable-clocale=gnu --enable-libstdcxx-debug --enable-libstdcxx-time=yes --enable-gnu-unique-object --disable-libmudflap --enable-plugin --with-system-zlib --disable-browser-plugin --enable-java-awt=gtk --enable-gtk-cairo --with-java-home=/usr/lib/jvm/java-1.5.0-gcj-4.8-amd64/jre --enable-java-home --with-jvm-root-dir=/usr/lib/jvm/java-1.5.0-gcj-4.8-amd64 --with-jvm-jar-dir=/usr/lib/jvm-exports/java-1.5.0-gcj-4.8-amd64 --with-arch-directory=amd64 --with-ecj-jar=/usr/share/java/eclipse-ecj.jar --enable-objc-gc --enable-multiarch --disable-werror --with-arch-32=i686 --with-abi=m64 --with-multilib-list=m32,m64,mx32 --with-tune=generic --enable-checking=release --build=x86_64-linux-gnu --host=x86_64-linux-gnu --target=x86_64-linux-gnu
Thread model: posix
gcc version 4.8.2 (Ubuntu 4.8.2-19ubuntu1) 
configure:2911: $? = 0
configure:2900: gcc -V >&5
gcc: error: unrecognized command line option '-V'
gcc: fatal error: no input files
compilation terminated.
configure:2911: $? = 4
configure:2900: gcc -qversion >&5
gcc: error: unrecognized command line option '-qversion'
gcc: fatal error: no input files
compilation terminated.
configure:2911: $? = 4
configure:2931: checking whether the C compiler works
configure:2953: gcc    conftest.c  >&5
configure:2957: $? = 0
configure:3005: result: yes
configure:3008: checking for C compiler default output file name
configure:3010: result: a.out
configure:3016: checking for suffix of executables
configure:3023: gcc -o conftest    conftest.c  >&5
configure:3027: $? = 0
configure:3049: result: 
configure:3071: checking whether we are cross compiling
configure:3079: gcc -o conftest    conftest.c  >&5
configure:3083: $? = 0
configure:3090: ./conftest
configure:3094: $? = 0
configure:3109: result: no
configure:3114: checking for suffix of object files
configure:3136: gcc -c   conftest.c >&5
configure:3140: $? = 0
configure:3161: result: o
configure:3165: checking whether we are using the GNU C compiler
configure:3184: gcc -c   conftest.c >&5
configure:3184: $? = 0
configure:3193: result: yes
configure:3202: checking whether gcc accepts -g
configure:3222: gcc -c -g  conftest.c >&5
configure:3222: $? = 0
configure:3263: result: yes
configure:3280: checking for gcc option to accept ISO C89
configure:3344: gcc  -c -g -O2  conftest.c >&5
configure:3344: $? = 0
configure:3357: result: none needed
configure:3377: checking for a sed that does not truncate output
configure:3441: result: /bin/sed
configure:3459: checking for grep that handles long lines and -e
configure:3517: result: /bin/grep
configure:3522: checking for egrep
configure:3584: result: /bin/grep -E
configure:3589: checking for fgrep
configure:3651: result: /bin/grep -F
configure:3686: checking for ld used by gcc
configure:3753: result: /usr/bin/ld
configure:3760: checking if the linker (/usr/bin/ld) is GNU ld
configure:3775: result: yes
configure:3787: checking for BSD- or MS-compatible name lister (nm)
configure:3836: result: /usr/bin/nm -B
configure:3966: checking the name lister (/usr/bin/nm -B) interface
configure:3973: gcc -c -g -O2  conftest.c >&5
configure:3976: /usr/bin/nm -B "conftest.o"
configure:3979: output
0000000000000000 B some_variable
configure:3986: result: BSD nm
configure:3989: checking whether ln -s works
configure:3993: result: yes
configure:4001: checking the maximum length of command line arguments
configure:4131: result: 3458764513820540925
configure:4148: checking whether the shell understands some XSI constructs
configure:4158: result: yes
configure:4162: checking whether the shell understands "+="
configure:4168: result: yes
configure:4203: checking how to convert x86_64-unknown-linux-gnu file names to x86_64-unknown-linux-gnu format
configure:4243: result: func_convert_file_noop
configure:4250: checking how to convert x86_64-unknown-linux-gnu file names to toolchain format
configure:4270: result: func_convert_file_noop
configure:4277: checking for /usr/bin/ld option to reload object files
configure:4284: result: -r
configure:4358: checking for objdump
configure:4374: found /usr/bin/objdump
configure:4385: result: objdump
configure:4417: checking how to recognize dependent libraries
configure:4619: result: pass_all
configure:4704: checking for dlltool
configure:4734: result: no
configure:4764: checking how to associate runtime and link libraries
configure:4791: result: printf %s\n
configure:4852: checking for ar
configure:4868: found /usr/bin/ar
configure:4879: result: ar
configure:4916: checking for archiver @FILE support
configure:4933: gcc -c -g -O2  conftest.c >&5
configure:4933: $? = 0
configure:4936: ar cru libconftest.a @conftest.lst >&5
configure:4939: $? = 0
configure:4944: ar cru libconftest.a @conftest.lst >&5
ar: conftest.o: No such file or directory
configure:4947: $? = 1
configure:4959: result: @
configure:5017: checking for strip
configure:5033: found /usr/bin/strip
configure:5044: result: strip
configure:5116: checking for ranlib
configure:5132: found /usr/bin/ranlib
configure:5143: result: ranlib
configure:5220: checking for gawk
configure:5250: result: no
configure:5220: checking for mawk
configure:5236: found /usr/bin/mawk
configure:5247: result: mawk
configure:5287: checking command to parse /usr/bin/nm -B output from gcc object
configure:5407: gcc -c -g -O2  conftest.c >&5
configure:5410: $? = 0
configure:5414: /usr/bin/nm -B conftest.o \| sed -n -e 's/^.*[ ]\([ABCDGIRSTW][ABCDGIRSTW]*\)[ ][ ]*\([_A-Za-z][_A-Za-z0-9]*\)$/\1 \2 \2/p' | sed '/ __gnu_lto/d' \> conftest.nm
configure:5417: $? = 0
configure:5483: gcc -o conftest -g -O2   conftest.c conftstm.o >&5
configure:5486: $? = 0
configure:5524: result: ok
configure:5561: checking for sysroot
configure:5591: result: no
configure:5668: gcc -c -g -O2  conftest.c >&5
configure:5671: $? = 0
configure:5847: checking for mt
configure:5863: found /bin/mt
configure:5874: result: mt
configure:5897: checking if mt is a manifest tool
configure:5903: mt '-?'
configure:5911: result: no
configure:6553: checking how to run the C preprocessor
configure:6584: gcc -E  conftest.c
configure:6584: $? = 0
configure:6598: gcc -E  conftest.c
conftest.c:9:28: fatal error: ac_nonexistent.h: No such file or directory
 #include <ac_nonexistent.h>
                            ^
compilation terminated.
configure:6598: $? = 1
configure: failed program was:
| /* confdefs.h */
| #define PACKAGE_NAME "xfsprogs"
| #define PACKAGE_TARNAME "xfsprogs"
| #define PACKAGE_VERSION "3.2.0-alpha2"
| #define PACKAGE_STRING "xfsprogs 3.2.0-alpha2"
| #define PACKAGE_BUGREPORT ""
| #define PACKAGE_URL ""
| /* end confdefs.h.  */
| #include <ac_nonexistent.h>
configure:6623: result: gcc -E
configure:6643: gcc -E  conftest.c
configure:6643: $? = 0
configure:6657: gcc -E  conftest.c
conftest.c:9:28: fatal error: ac_nonexistent.h: No such file or directory
 #include <ac_nonexistent.h>
                            ^
compilation terminated.
configure:6657: $? = 1
configure: failed program was:
| /* confdefs.h */
| #define PACKAGE_NAME "xfsprogs"
| #define PACKAGE_TARNAME "xfsprogs"
| #define PACKAGE_VERSION "3.2.0-alpha2"
| #define PACKAGE_STRING "xfsprogs 3.2.0-alpha2"
| #define PACKAGE_BUGREPORT ""
| #define PACKAGE_URL ""
| /* end confdefs.h.  */
| #include <ac_nonexistent.h>
configure:6686: checking for ANSI C header files
configure:6706: gcc -c -g -O2  conftest.c >&5
configure:6706: $? = 0
configure:6779: gcc -o conftest -g -O2   conftest.c  >&5
configure:6779: $? = 0
configure:6779: ./conftest
configure:6779: $? = 0
configure:6790: result: yes
configure:6803: checking for sys/types.h
configure:6803: gcc -c -g -O2  conftest.c >&5
configure:6803: $? = 0
configure:6803: result: yes
configure:6803: checking for sys/stat.h
configure:6803: gcc -c -g -O2  conftest.c >&5
configure:6803: $? = 0
configure:6803: result: yes
configure:6803: checking for stdlib.h
configure:6803: gcc -c -g -O2  conftest.c >&5
configure:6803: $? = 0
configure:6803: result: yes
configure:6803: checking for string.h
configure:6803: gcc -c -g -O2  conftest.c >&5
configure:6803: $? = 0
configure:6803: result: yes
configure:6803: checking for memory.h
configure:6803: gcc -c -g -O2  conftest.c >&5
configure:6803: $? = 0
configure:6803: result: yes
configure:6803: checking for strings.h
configure:6803: gcc -c -g -O2  conftest.c >&5
configure:6803: $? = 0
configure:6803: result: yes
configure:6803: checking for inttypes.h
configure:6803: gcc -c -g -O2  conftest.c >&5
configure:6803: $? = 0
configure:6803: result: yes
configure:6803: checking for stdint.h
configure:6803: gcc -c -g -O2  conftest.c >&5
configure:6803: $? = 0
configure:6803: result: yes
configure:6803: checking for unistd.h
configure:6803: gcc -c -g -O2  conftest.c >&5
configure:6803: $? = 0
configure:6803: result: yes
configure:6817: checking for dlfcn.h
configure:6817: gcc -c -g -O2  conftest.c >&5
configure:6817: $? = 0
configure:6817: result: yes
configure:7023: checking for objdir
configure:7038: result: .libs
configure:7309: checking if gcc supports -fno-rtti -fno-exceptions
configure:7327: gcc -c -g -O2  -fno-rtti -fno-exceptions conftest.c >&5
cc1: warning: command line option '-fno-rtti' is valid for C++/ObjC++ but not for C [enabled by default]
configure:7331: $? = 0
configure:7344: result: no
configure:7671: checking for gcc option to produce PIC
configure:7678: result: -fPIC -DPIC
configure:7686: checking if gcc PIC flag -fPIC -DPIC works
configure:7704: gcc -c -g -O2  -fPIC -DPIC -DPIC conftest.c >&5
configure:7708: $? = 0
configure:7721: result: yes
configure:7750: checking if gcc static flag -static works
configure:7778: result: yes
configure:7793: checking if gcc supports -c -o file.o
configure:7814: gcc -c -g -O2  -o out/conftest2.o conftest.c >&5
configure:7818: $? = 0
configure:7840: result: yes
configure:7848: checking if gcc supports -c -o file.o
configure:7895: result: yes
configure:7928: checking whether the gcc linker (/usr/bin/ld -m elf_x86_64) supports shared libraries
configure:9085: result: yes
configure:9122: checking whether -lc should be explicitly linked in
configure:9130: gcc -c -g -O2  conftest.c >&5
configure:9133: $? = 0
configure:9148: gcc -shared  -fPIC -DPIC conftest.o  -v -Wl,-soname -Wl,conftest -o conftest 2\>\&1 \| /bin/grep  -lc  \>/dev/null 2\>\&1
configure:9151: $? = 0
configure:9165: result: no
configure:9325: checking dynamic linker characteristics
configure:9836: gcc -o conftest -g -O2   -Wl,-rpath -Wl,/foo conftest.c  >&5
configure:9836: $? = 0
configure:10070: result: GNU/Linux ld.so
configure:10177: checking how to hardcode library paths into programs
configure:10202: result: immediate
configure:10742: checking whether stripping libraries is possible
configure:10747: result: yes
configure:10782: checking if libtool supports shared libraries
configure:10784: result: yes
configure:10787: checking whether to build shared libraries
configure:10808: result: yes
configure:10811: checking whether to build static libraries
configure:10815: result: yes
configure:11008: checking for gcc
configure:11035: result: gcc
configure:11264: checking for C compiler version
configure:11273: gcc --version >&5
gcc (Ubuntu 4.8.2-19ubuntu1) 4.8.2
Copyright (C) 2013 Free Software Foundation, Inc.
This is free software; see the source for copying conditions.  There is NO
warranty; not even for MERCHANTABILITY or FITNESS FOR A PARTICULAR PURPOSE.

configure:11284: $? = 0
configure:11273: gcc -v >&5
Using built-in specs.
COLLECT_GCC=gcc
COLLECT_LTO_WRAPPER=/usr/lib/gcc/x86_64-linux-gnu/4.8/lto-wrapper
Target: x86_64-linux-gnu
Configured with: ../src/configure -v --with-pkgversion='Ubuntu 4.8.2-19ubuntu1' --with-bugurl=file:///usr/share/doc/gcc-4.8/README.Bugs --enable-languages=c,c++,java,go,d,fortran,objc,obj-c++ --prefix=/usr --program-suffix=-4.8 --enable-shared --enable-linker-build-id --libexecdir=/usr/lib --without-included-gettext --enable-threads=posix --with-gxx-include-dir=/usr/include/c++/4.8 --libdir=/usr/lib --enable-nls --with-sysroot=/ --enable-clocale=gnu --enable-libstdcxx-debug --enable-libstdcxx-time=yes --enable-gnu-unique-object --disable-libmudflap --enable-plugin --with-system-zlib --disable-browser-plugin --enable-java-awt=gtk --enable-gtk-cairo --with-java-home=/usr/lib/jvm/java-1.5.0-gcj-4.8-amd64/jre --enable-java-home --with-jvm-root-dir=/usr/lib/jvm/java-1.5.0-gcj-4.8-amd64 --with-jvm-jar-dir=/usr/lib/jvm-exports/java-1.5.0-gcj-4.8-amd64 --with-arch-directory=amd64 --with-ecj-jar=/usr/share/java/eclipse-ecj.jar --enable-objc-gc --enable-multiarch --disable-werror --with-arch-32=i686 --with-abi=m64 --with-multilib-list=m32,m64,mx32 --with-tune=generic --enable-checking=release --build=x86_64-linux-gnu --host=x86_64-linux-gnu --target=x86_64-linux-gnu
Thread model: posix
gcc version 4.8.2 (Ubuntu 4.8.2-19ubuntu1) 
configure:11284: $? = 0
configure:11273: gcc -V >&5
gcc: error: unrecognized command line option '-V'
gcc: fatal error: no input files
compilation terminated.
configure:11284: $? = 4
configure:11273: gcc -qversion >&5
gcc: error: unrecognized command line option '-qversion'
gcc: fatal error: no input files
compilation terminated.
configure:11284: $? = 4
configure:11288: checking whether we are using the GNU C compiler
configure:11316: result: yes
configure:11325: checking whether gcc accepts -g
configure:11386: result: yes
configure:11403: checking for gcc option to accept ISO C89
configure:11480: result: none needed
configure:11582: checking for gcc
configure:11609: result: gcc
configure:11838: checking for C compiler version
configure:11847: gcc --version >&5
gcc (Ubuntu 4.8.2-19ubuntu1) 4.8.2
Copyright (C) 2013 Free Software Foundation, Inc.
This is free software; see the source for copying conditions.  There is NO
warranty; not even for MERCHANTABILITY or FITNESS FOR A PARTICULAR PURPOSE.

configure:11858: $? = 0
configure:11847: gcc -v >&5
Using built-in specs.
COLLECT_GCC=gcc
COLLECT_LTO_WRAPPER=/usr/lib/gcc/x86_64-linux-gnu/4.8/lto-wrapper
Target: x86_64-linux-gnu
Configured with: ../src/configure -v --with-pkgversion='Ubuntu 4.8.2-19ubuntu1' --with-bugurl=file:///usr/share/doc/gcc-4.8/README.Bugs --enable-languages=c,c++,java,go,d,fortran,objc,obj-c++ --prefix=/usr --program-suffix=-4.8 --enable-shared --enable-linker-build-id --libexecdir=/usr/lib --without-included-gettext --enable-threads=posix --with-gxx-include-dir=/usr/include/c++/4.8 --libdir=/usr/lib --enable-nls --with-sysroot=/ --enable-clocale=gnu --enable-libstdcxx-debug --enable-libstdcxx-time=yes --enable-gnu-unique-object --disable-libmudflap --enable-plugin --with-system-zlib --disable-browser-plugin --enable-java-awt=gtk --enable-gtk-cairo --with-java-home=/usr/lib/jvm/java-1.5.0-gcj-4.8-amd64/jre --enable-java-home --with-jvm-root-dir=/usr/lib/jvm/java-1.5.0-gcj-4.8-amd64 --with-jvm-jar-dir=/usr/lib/jvm-exports/java-1.5.0-gcj-4.8-amd64 --with-arch-directory=amd64 --with-ecj-jar=/usr/share/java/eclipse-ecj.jar --enable-objc-gc --enable-multiarch --disable-werror --with-arch-32=i686 --with-abi=m64 --with-multilib-list=m32,m64,mx32 --with-tune=generic --enable-checking=release --build=x86_64-linux-gnu --host=x86_64-linux-gnu --target=x86_64-linux-gnu
Thread model: posix
gcc version 4.8.2 (Ubuntu 4.8.2-19ubuntu1) 
configure:11858: $? = 0
configure:11847: gcc -V >&5
gcc: error: unrecognized command line option '-V'
gcc: fatal error: no input files
compilation terminated.
configure:11858: $? = 4
configure:11847: gcc -qversion >&5
gcc: error: unrecognized command line option '-qversion'
gcc: fatal error: no input files
compilation terminated.
configure:11858: $? = 4
configure:11862: checking whether we are using the GNU C compiler
configure:11890: result: yes
configure:11899: checking whether gcc accepts -g
configure:11960: result: yes
configure:11977: checking for gcc option to accept ISO C89
configure:12054: result: none needed
configure:12087: checking for gmake
configure:12121: result: no
configure:12130: checking for make
configure:12148: found /usr/bin/make
configure:12160: result: /usr/bin/make
configure:12182: checking for tar
configure:12201: found /bin/tar
configure:12213: result: /bin/tar
configure:12227: checking for gzip
configure:12246: found /bin/gzip
configure:12258: result: /bin/gzip
configure:12271: checking whether gcc -MM is supported
configure:12287: result: yes
configure:12437: checking for sort
configure:12456: found /usr/bin/sort
configure:12468: result: /usr/bin/sort
configure:12480: checking whether ln -s works
configure:12484: result: yes
configure:12496: checking for msgfmt
configure:12515: found /usr/bin/msgfmt
configure:12527: result: /usr/bin/msgfmt
configure:12549: checking for msgmerge
configure:12568: found /usr/bin/msgmerge
configure:12580: result: /usr/bin/msgmerge
configure:12602: checking for xgettext
configure:12621: found /usr/bin/xgettext
configure:12633: result: /usr/bin/xgettext
configure:12656: checking for rpm
configure:12690: result: no
configure:12774: checking aio.h usability
configure:12774: gcc -c -g -O2  conftest.c >&5
configure:12774: $? = 0
configure:12774: result: yes
configure:12774: checking aio.h presence
configure:12774: gcc -E  conftest.c
configure:12774: $? = 0
configure:12774: result: yes
configure:12774: checking for aio.h
configure:12774: result: yes
configure:12792: checking for lio_listio
configure:12792: gcc -o conftest -g -O2   conftest.c  >&5
/tmp/ccGgfotc.o: In function `main':
/home/fwu/xfsprogs/conftest.c:56: undefined reference to `lio_listio'
collect2: error: ld returned 1 exit status
configure:12792: $? = 1
configure: failed program was:
| /* confdefs.h */
| #define PACKAGE_NAME "xfsprogs"
| #define PACKAGE_TARNAME "xfsprogs"
| #define PACKAGE_VERSION "3.2.0-alpha2"
| #define PACKAGE_STRING "xfsprogs 3.2.0-alpha2"
| #define PACKAGE_BUGREPORT ""
| #define PACKAGE_URL ""
| #define STDC_HEADERS 1
| #define HAVE_SYS_TYPES_H 1
| #define HAVE_SYS_STAT_H 1
| #define HAVE_STDLIB_H 1
| #define HAVE_STRING_H 1
| #define HAVE_MEMORY_H 1
| #define HAVE_STRINGS_H 1
| #define HAVE_INTTYPES_H 1
| #define HAVE_STDINT_H 1
| #define HAVE_UNISTD_H 1
| #define HAVE_DLFCN_H 1
| #define LT_OBJDIR ".libs/"
| #define HAVE_AIO_H 1
| /* end confdefs.h.  */
| /* Define lio_listio to an innocuous variant, in case <limits.h> declares lio_listio.
|    For example, HP-UX 11i <limits.h> declares gettimeofday.  */
| #define lio_listio innocuous_lio_listio
| 
| /* System header to define __stub macros and hopefully few prototypes,
|     which can conflict with char lio_listio (); below.
|     Prefer <limits.h> to <assert.h> if __STDC__ is defined, since
|     <limits.h> exists even on freestanding compilers.  */
| 
| #ifdef __STDC__
| # include <limits.h>
| #else
| # include <assert.h>
| #endif
| 
| #undef lio_listio
| 
| /* Override any GCC internal prototype to avoid an error.
|    Use char because int might match the return type of a GCC
|    builtin and then its argument prototype would still apply.  */
| #ifdef __cplusplus
| extern "C"
| #endif
| char lio_listio ();
| /* The GNU C library defines this for functions which it implements
|     to always fail with ENOSYS.  Some functions are actually named
|     something starting with __ and the normal name is an alias.  */
| #if defined __stub_lio_listio || defined __stub___lio_listio
| choke me
| #endif
| 
| int
| main ()
| {
| return lio_listio ();
|   ;
|   return 0;
| }
configure:12792: result: no
configure:12804: checking for lio_listio in -lrt
configure:12829: gcc -o conftest -g -O2   conftest.c -lrt -lpthread  >&5
configure:12829: $? = 0
configure:12838: result: yes
configure:12862: checking uuid.h usability
configure:12862: gcc -c -g -O2  conftest.c >&5
conftest.c:56:18: fatal error: uuid.h: No such file or directory
 #include <uuid.h>
                  ^
compilation terminated.
configure:12862: $? = 1
configure: failed program was:
| /* confdefs.h */
| #define PACKAGE_NAME "xfsprogs"
| #define PACKAGE_TARNAME "xfsprogs"
| #define PACKAGE_VERSION "3.2.0-alpha2"
| #define PACKAGE_STRING "xfsprogs 3.2.0-alpha2"
| #define PACKAGE_BUGREPORT ""
| #define PACKAGE_URL ""
| #define STDC_HEADERS 1
| #define HAVE_SYS_TYPES_H 1
| #define HAVE_SYS_STAT_H 1
| #define HAVE_STDLIB_H 1
| #define HAVE_STRING_H 1
| #define HAVE_MEMORY_H 1
| #define HAVE_STRINGS_H 1
| #define HAVE_INTTYPES_H 1
| #define HAVE_STDINT_H 1
| #define HAVE_UNISTD_H 1
| #define HAVE_DLFCN_H 1
| #define LT_OBJDIR ".libs/"
| #define HAVE_AIO_H 1
| #define HAVE_LIBRT 1
| /* end confdefs.h.  */
| #include <stdio.h>
| #ifdef HAVE_SYS_TYPES_H
| # include <sys/types.h>
| #endif
| #ifdef HAVE_SYS_STAT_H
| # include <sys/stat.h>
| #endif
| #ifdef STDC_HEADERS
| # include <stdlib.h>
| # include <stddef.h>
| #else
| # ifdef HAVE_STDLIB_H
| #  include <stdlib.h>
| # endif
| #endif
| #ifdef HAVE_STRING_H
| # if !defined STDC_HEADERS && defined HAVE_MEMORY_H
| #  include <memory.h>
| # endif
| # include <string.h>
| #endif
| #ifdef HAVE_STRINGS_H
| # include <strings.h>
| #endif
| #ifdef HAVE_INTTYPES_H
| # include <inttypes.h>
| #endif
| #ifdef HAVE_STDINT_H
| # include <stdint.h>
| #endif
| #ifdef HAVE_UNISTD_H
| # include <unistd.h>
| #endif
| #include <uuid.h>
configure:12862: result: no
configure:12862: checking uuid.h presence
configure:12862: gcc -E  conftest.c
conftest.c:23:18: fatal error: uuid.h: No such file or directory
 #include <uuid.h>
                  ^
compilation terminated.
configure:12862: $? = 1
configure: failed program was:
| /* confdefs.h */
| #define PACKAGE_NAME "xfsprogs"
| #define PACKAGE_TARNAME "xfsprogs"
| #define PACKAGE_VERSION "3.2.0-alpha2"
| #define PACKAGE_STRING "xfsprogs 3.2.0-alpha2"
| #define PACKAGE_BUGREPORT ""
| #define PACKAGE_URL ""
| #define STDC_HEADERS 1
| #define HAVE_SYS_TYPES_H 1
| #define HAVE_SYS_STAT_H 1
| #define HAVE_STDLIB_H 1
| #define HAVE_STRING_H 1
| #define HAVE_MEMORY_H 1
| #define HAVE_STRINGS_H 1
| #define HAVE_INTTYPES_H 1
| #define HAVE_STDINT_H 1
| #define HAVE_UNISTD_H 1
| #define HAVE_DLFCN_H 1
| #define LT_OBJDIR ".libs/"
| #define HAVE_AIO_H 1
| #define HAVE_LIBRT 1
| /* end confdefs.h.  */
| #include <uuid.h>
configure:12862: result: no
configure:12862: checking for uuid.h
configure:12862: result: no
configure:12862: checking sys/uuid.h usability
configure:12862: gcc -c -g -O2  conftest.c >&5
conftest.c:56:22: fatal error: sys/uuid.h: No such file or directory
 #include <sys/uuid.h>
                      ^
compilation terminated.
configure:12862: $? = 1
configure: failed program was:
| /* confdefs.h */
| #define PACKAGE_NAME "xfsprogs"
| #define PACKAGE_TARNAME "xfsprogs"
| #define PACKAGE_VERSION "3.2.0-alpha2"
| #define PACKAGE_STRING "xfsprogs 3.2.0-alpha2"
| #define PACKAGE_BUGREPORT ""
| #define PACKAGE_URL ""
| #define STDC_HEADERS 1
| #define HAVE_SYS_TYPES_H 1
| #define HAVE_SYS_STAT_H 1
| #define HAVE_STDLIB_H 1
| #define HAVE_STRING_H 1
| #define HAVE_MEMORY_H 1
| #define HAVE_STRINGS_H 1
| #define HAVE_INTTYPES_H 1
| #define HAVE_STDINT_H 1
| #define HAVE_UNISTD_H 1
| #define HAVE_DLFCN_H 1
| #define LT_OBJDIR ".libs/"
| #define HAVE_AIO_H 1
| #define HAVE_LIBRT 1
| /* end confdefs.h.  */
| #include <stdio.h>
| #ifdef HAVE_SYS_TYPES_H
| # include <sys/types.h>
| #endif
| #ifdef HAVE_SYS_STAT_H
| # include <sys/stat.h>
| #endif
| #ifdef STDC_HEADERS
| # include <stdlib.h>
| # include <stddef.h>
| #else
| # ifdef HAVE_STDLIB_H
| #  include <stdlib.h>
| # endif
| #endif
| #ifdef HAVE_STRING_H
| # if !defined STDC_HEADERS && defined HAVE_MEMORY_H
| #  include <memory.h>
| # endif
| # include <string.h>
| #endif
| #ifdef HAVE_STRINGS_H
| # include <strings.h>
| #endif
| #ifdef HAVE_INTTYPES_H
| # include <inttypes.h>
| #endif
| #ifdef HAVE_STDINT_H
| # include <stdint.h>
| #endif
| #ifdef HAVE_UNISTD_H
| # include <unistd.h>
| #endif
| #include <sys/uuid.h>
configure:12862: result: no
configure:12862: checking sys/uuid.h presence
configure:12862: gcc -E  conftest.c
conftest.c:23:22: fatal error: sys/uuid.h: No such file or directory
 #include <sys/uuid.h>
                      ^
compilation terminated.
configure:12862: $? = 1
configure: failed program was:
| /* confdefs.h */
| #define PACKAGE_NAME "xfsprogs"
| #define PACKAGE_TARNAME "xfsprogs"
| #define PACKAGE_VERSION "3.2.0-alpha2"
| #define PACKAGE_STRING "xfsprogs 3.2.0-alpha2"
| #define PACKAGE_BUGREPORT ""
| #define PACKAGE_URL ""
| #define STDC_HEADERS 1
| #define HAVE_SYS_TYPES_H 1
| #define HAVE_SYS_STAT_H 1
| #define HAVE_STDLIB_H 1
| #define HAVE_STRING_H 1
| #define HAVE_MEMORY_H 1
| #define HAVE_STRINGS_H 1
| #define HAVE_INTTYPES_H 1
| #define HAVE_STDINT_H 1
| #define HAVE_UNISTD_H 1
| #define HAVE_DLFCN_H 1
| #define LT_OBJDIR ".libs/"
| #define HAVE_AIO_H 1
| #define HAVE_LIBRT 1
| /* end confdefs.h.  */
| #include <sys/uuid.h>
configure:12862: result: no
configure:12862: checking for sys/uuid.h
configure:12862: result: no
configure:12862: checking uuid/uuid.h usability
configure:12862: gcc -c -g -O2  conftest.c >&5
configure:12862: $? = 0
configure:12862: result: yes
configure:12862: checking uuid/uuid.h presence
configure:12862: gcc -E  conftest.c
configure:12862: $? = 0
configure:12862: result: yes
configure:12862: checking for uuid/uuid.h
configure:12862: result: yes
configure:12883: checking for uuid_compare
configure:12883: gcc -o conftest -g -O2   conftest.c -lrt  >&5
/tmp/cctShAdr.o: In function `main':
/home/fwu/xfsprogs/conftest.c:58: undefined reference to `uuid_compare'
collect2: error: ld returned 1 exit status
configure:12883: $? = 1
configure: failed program was:
| /* confdefs.h */
| #define PACKAGE_NAME "xfsprogs"
| #define PACKAGE_TARNAME "xfsprogs"
| #define PACKAGE_VERSION "3.2.0-alpha2"
| #define PACKAGE_STRING "xfsprogs 3.2.0-alpha2"
| #define PACKAGE_BUGREPORT ""
| #define PACKAGE_URL ""
| #define STDC_HEADERS 1
| #define HAVE_SYS_TYPES_H 1
| #define HAVE_SYS_STAT_H 1
| #define HAVE_STDLIB_H 1
| #define HAVE_STRING_H 1
| #define HAVE_MEMORY_H 1
| #define HAVE_STRINGS_H 1
| #define HAVE_INTTYPES_H 1
| #define HAVE_STDINT_H 1
| #define HAVE_UNISTD_H 1
| #define HAVE_DLFCN_H 1
| #define LT_OBJDIR ".libs/"
| #define HAVE_AIO_H 1
| #define HAVE_LIBRT 1
| #define HAVE_UUID_UUID_H 1
| /* end confdefs.h.  */
| /* Define uuid_compare to an innocuous variant, in case <limits.h> declares uuid_compare.
|    For example, HP-UX 11i <limits.h> declares gettimeofday.  */
| #define uuid_compare innocuous_uuid_compare
| 
| /* System header to define __stub macros and hopefully few prototypes,
|     which can conflict with char uuid_compare (); below.
|     Prefer <limits.h> to <assert.h> if __STDC__ is defined, since
|     <limits.h> exists even on freestanding compilers.  */
| 
| #ifdef __STDC__
| # include <limits.h>
| #else
| # include <assert.h>
| #endif
| 
| #undef uuid_compare
| 
| /* Override any GCC internal prototype to avoid an error.
|    Use char because int might match the return type of a GCC
|    builtin and then its argument prototype would still apply.  */
| #ifdef __cplusplus
| extern "C"
| #endif
| char uuid_compare ();
| /* The GNU C library defines this for functions which it implements
|     to always fail with ENOSYS.  Some functions are actually named
|     something starting with __ and the normal name is an alias.  */
| #if defined __stub_uuid_compare || defined __stub___uuid_compare
| choke me
| #endif
| 
| int
| main ()
| {
| return uuid_compare ();
|   ;
|   return 0;
| }
configure:12883: result: no
configure:12895: checking for uuid_compare in -luuid
configure:12920: gcc -o conftest -g -O2   conftest.c -luuid  -lrt  >&5
configure:12920: $? = 0
configure:12929: result: yes
configure:12953: checking pthread.h usability
configure:12953: gcc -c -g -O2  conftest.c >&5
configure:12953: $? = 0
configure:12953: result: yes
configure:12953: checking pthread.h presence
configure:12953: gcc -E  conftest.c
configure:12953: $? = 0
configure:12953: result: yes
configure:12953: checking for pthread.h
configure:12953: result: yes
configure:12983: checking for pthread_mutex_init in -lpthread
configure:13008: gcc -o conftest -g -O2   conftest.c -lpthread  -luuid -lrt  >&5
configure:13008: $? = 0
configure:13017: result: yes
configure:13038: checking for fadvise 
configure:13057: gcc -c -g -O2  conftest.c >&5
configure:13057: $? = 0
configure:13059: result: yes
configure:13068: checking for madvise 
configure:13087: gcc -c -g -O2  conftest.c >&5
configure:13087: $? = 0
configure:13089: result: yes
configure:13098: checking for mincore 
configure:13117: gcc -c -g -O2  conftest.c >&5
configure:13117: $? = 0
configure:13119: result: yes
configure:13128: checking for sendfile 
configure:13147: gcc -c -g -O2  conftest.c >&5
configure:13147: $? = 0
configure:13149: result: yes
configure:13158: checking for getmntent 
configure:13176: gcc -c -g -O2  conftest.c >&5
configure:13176: $? = 0
configure:13178: result: yes
configure:13187: checking for getmntinfo 
configure:13206: gcc -c -g -O2  conftest.c >&5
conftest.c:29:23: fatal error: sys/ucred.h: No such file or directory
 #include <sys/ucred.h>
                       ^
compilation terminated.
configure:13206: $? = 1
configure: failed program was:
| /* confdefs.h */
| #define PACKAGE_NAME "xfsprogs"
| #define PACKAGE_TARNAME "xfsprogs"
| #define PACKAGE_VERSION "3.2.0-alpha2"
| #define PACKAGE_STRING "xfsprogs 3.2.0-alpha2"
| #define PACKAGE_BUGREPORT ""
| #define PACKAGE_URL ""
| #define STDC_HEADERS 1
| #define HAVE_SYS_TYPES_H 1
| #define HAVE_SYS_STAT_H 1
| #define HAVE_STDLIB_H 1
| #define HAVE_STRING_H 1
| #define HAVE_MEMORY_H 1
| #define HAVE_STRINGS_H 1
| #define HAVE_INTTYPES_H 1
| #define HAVE_STDINT_H 1
| #define HAVE_UNISTD_H 1
| #define HAVE_DLFCN_H 1
| #define LT_OBJDIR ".libs/"
| #define HAVE_AIO_H 1
| #define HAVE_LIBRT 1
| #define HAVE_UUID_UUID_H 1
| #define HAVE_LIBUUID 1
| #define HAVE_PTHREAD_H 1
| #define HAVE_LIBPTHREAD 1
| /* end confdefs.h.  */
| 
| #include <sys/param.h>
| #include <sys/ucred.h>
| #include <sys/mount.h>
| 
| int
| main ()
| {
| 
|          getmntinfo(0, 0);
| 
|   ;
|   return 0;
| }
configure:13211: result: no
configure:13217: checking for fallocate
configure:13237: gcc -o conftest -g -O2   conftest.c -lpthread -luuid -lrt  >&5
configure:13237: $? = 0
configure:13239: result: yes
configure:13249: checking for fiemap
configure:13270: gcc -o conftest -g -O2   conftest.c -lpthread -luuid -lrt  >&5
configure:13270: $? = 0
configure:13272: result: yes
configure:13282: checking for preadv
configure:13301: gcc -o conftest -g -O2   conftest.c -lpthread -luuid -lrt  >&5
conftest.c: In function 'main':
conftest.c:36:16: warning: ignoring return value of 'preadv', declared with attribute warn_unused_result [-Wunused-result]
          preadv(0, 0, 0, 0);
                ^
configure:13301: $? = 0
configure:13303: result: yes
configure:13313: checking for sync_file_range
configure:13332: gcc -o conftest -g -O2   conftest.c -lpthread -luuid -lrt  >&5
configure:13332: $? = 0
configure:13334: result: yes
configure:13347: checking for library containing blkid_probe_all
configure:13378: gcc -o conftest -g -O2   conftest.c -lpthread -luuid -lrt  >&5
/tmp/ccpWR9VY.o: In function `main':
/home/fwu/xfsprogs/conftest.c:38: undefined reference to `blkid_probe_all'
collect2: error: ld returned 1 exit status
configure:13378: $? = 1
configure: failed program was:
| /* confdefs.h */
| #define PACKAGE_NAME "xfsprogs"
| #define PACKAGE_TARNAME "xfsprogs"
| #define PACKAGE_VERSION "3.2.0-alpha2"
| #define PACKAGE_STRING "xfsprogs 3.2.0-alpha2"
| #define PACKAGE_BUGREPORT ""
| #define PACKAGE_URL ""
| #define STDC_HEADERS 1
| #define HAVE_SYS_TYPES_H 1
| #define HAVE_SYS_STAT_H 1
| #define HAVE_STDLIB_H 1
| #define HAVE_STRING_H 1
| #define HAVE_MEMORY_H 1
| #define HAVE_STRINGS_H 1
| #define HAVE_INTTYPES_H 1
| #define HAVE_STDINT_H 1
| #define HAVE_UNISTD_H 1
| #define HAVE_DLFCN_H 1
| #define LT_OBJDIR ".libs/"
| #define HAVE_AIO_H 1
| #define HAVE_LIBRT 1
| #define HAVE_UUID_UUID_H 1
| #define HAVE_LIBUUID 1
| #define HAVE_PTHREAD_H 1
| #define HAVE_LIBPTHREAD 1
| /* end confdefs.h.  */
| 
| /* Override any GCC internal prototype to avoid an error.
|    Use char because int might match the return type of a GCC
|    builtin and then its argument prototype would still apply.  */
| #ifdef __cplusplus
| extern "C"
| #endif
| char blkid_probe_all ();
| int
| main ()
| {
| return blkid_probe_all ();
|   ;
|   return 0;
| }
configure:13378: gcc -o conftest -g -O2   conftest.c -lblkid  -lpthread -luuid -lrt  >&5
/usr/bin/ld: cannot find -lblkid
collect2: error: ld returned 1 exit status
configure:13378: $? = 1
configure: failed program was:
| /* confdefs.h */
| #define PACKAGE_NAME "xfsprogs"
| #define PACKAGE_TARNAME "xfsprogs"
| #define PACKAGE_VERSION "3.2.0-alpha2"
| #define PACKAGE_STRING "xfsprogs 3.2.0-alpha2"
| #define PACKAGE_BUGREPORT ""
| #define PACKAGE_URL ""
| #define STDC_HEADERS 1
| #define HAVE_SYS_TYPES_H 1
| #define HAVE_SYS_STAT_H 1
| #define HAVE_STDLIB_H 1
| #define HAVE_STRING_H 1
| #define HAVE_MEMORY_H 1
| #define HAVE_STRINGS_H 1
| #define HAVE_INTTYPES_H 1
| #define HAVE_STDINT_H 1
| #define HAVE_UNISTD_H 1
| #define HAVE_DLFCN_H 1
| #define LT_OBJDIR ".libs/"
| #define HAVE_AIO_H 1
| #define HAVE_LIBRT 1
| #define HAVE_UUID_UUID_H 1
| #define HAVE_LIBUUID 1
| #define HAVE_PTHREAD_H 1
| #define HAVE_LIBPTHREAD 1
| /* end confdefs.h.  */
| 
| /* Override any GCC internal prototype to avoid an error.
|    Use char because int might match the return type of a GCC
|    builtin and then its argument prototype would still apply.  */
| #ifdef __cplusplus
| extern "C"
| #endif
| char blkid_probe_all ();
| int
| main ()
| {
| return blkid_probe_all ();
|   ;
|   return 0;
| }
configure:13395: result: no
configure:13405: checking for blkid_probe_get_topology
configure:13405: gcc -o conftest -g -O2   conftest.c -lpthread -luuid -lrt  >&5
/tmp/ccyKcGj3.o: In function `main':
/home/fwu/xfsprogs/conftest.c:61: undefined reference to `blkid_probe_get_topology'
collect2: error: ld returned 1 exit status
configure:13405: $? = 1
configure: failed program was:
| /* confdefs.h */
| #define PACKAGE_NAME "xfsprogs"
| #define PACKAGE_TARNAME "xfsprogs"
| #define PACKAGE_VERSION "3.2.0-alpha2"
| #define PACKAGE_STRING "xfsprogs 3.2.0-alpha2"
| #define PACKAGE_BUGREPORT ""
| #define PACKAGE_URL ""
| #define STDC_HEADERS 1
| #define HAVE_SYS_TYPES_H 1
| #define HAVE_SYS_STAT_H 1
| #define HAVE_STDLIB_H 1
| #define HAVE_STRING_H 1
| #define HAVE_MEMORY_H 1
| #define HAVE_STRINGS_H 1
| #define HAVE_INTTYPES_H 1
| #define HAVE_STDINT_H 1
| #define HAVE_UNISTD_H 1
| #define HAVE_DLFCN_H 1
| #define LT_OBJDIR ".libs/"
| #define HAVE_AIO_H 1
| #define HAVE_LIBRT 1
| #define HAVE_UUID_UUID_H 1
| #define HAVE_LIBUUID 1
| #define HAVE_PTHREAD_H 1
| #define HAVE_LIBPTHREAD 1
| /* end confdefs.h.  */
| /* Define blkid_probe_get_topology to an innocuous variant, in case <limits.h> declares blkid_probe_get_topology.
|    For example, HP-UX 11i <limits.h> declares gettimeofday.  */
| #define blkid_probe_get_topology innocuous_blkid_probe_get_topology
| 
| /* System header to define __stub macros and hopefully few prototypes,
|     which can conflict with char blkid_probe_get_topology (); below.
|     Prefer <limits.h> to <assert.h> if __STDC__ is defined, since
|     <limits.h> exists even on freestanding compilers.  */
| 
| #ifdef __STDC__
| # include <limits.h>
| #else
| # include <assert.h>
| #endif
| 
| #undef blkid_probe_get_topology
| 
| /* Override any GCC internal prototype to avoid an error.
|    Use char because int might match the return type of a GCC
|    builtin and then its argument prototype would still apply.  */
| #ifdef __cplusplus
| extern "C"
| #endif
| char blkid_probe_get_topology ();
| /* The GNU C library defines this for functions which it implements
|     to always fail with ENOSYS.  Some functions are actually named
|     something starting with __ and the normal name is an alias.  */
| #if defined __stub_blkid_probe_get_topology || defined __stub___blkid_probe_get_topology
| choke me
| #endif
| 
| int
| main ()
| {
| return blkid_probe_get_topology ();
|   ;
|   return 0;
| }
configure:13405: result: no
configure:13424: checking for readdir
configure:13441: gcc -o conftest -g -O2   conftest.c -lpthread -luuid -lrt  >&5
conftest.c: In function 'main':
conftest.c:34:10: warning: null argument where non-null required (argument 1) [-Wnonnull]
          readdir(0);
          ^
configure:13441: $? = 0
configure:13443: result: yes
configure:13458: checking size of long
configure:13463: gcc -o conftest -g -O2   conftest.c -lpthread -luuid -lrt  >&5
configure:13463: $? = 0
configure:13463: ./conftest
configure:13463: $? = 0
configure:13477: result: 8
configure:13491: checking size of char *
configure:13496: gcc -o conftest -g -O2   conftest.c -lpthread -luuid -lrt  >&5
configure:13496: $? = 0
configure:13496: ./conftest
configure:13496: $? = 0
configure:13510: result: 8
configure:13520: checking for __psint_t 
configure:13539: gcc -c -g -O2  conftest.c >&5
conftest.c: In function 'main':
conftest.c:38:10: error: unknown type name '__psint_t'
          __psint_t  psint;
          ^
configure:13539: $? = 1
configure: failed program was:
| /* confdefs.h */
| #define PACKAGE_NAME "xfsprogs"
| #define PACKAGE_TARNAME "xfsprogs"
| #define PACKAGE_VERSION "3.2.0-alpha2"
| #define PACKAGE_STRING "xfsprogs 3.2.0-alpha2"
| #define PACKAGE_BUGREPORT ""
| #define PACKAGE_URL ""
| #define STDC_HEADERS 1
| #define HAVE_SYS_TYPES_H 1
| #define HAVE_SYS_STAT_H 1
| #define HAVE_STDLIB_H 1
| #define HAVE_STRING_H 1
| #define HAVE_MEMORY_H 1
| #define HAVE_STRINGS_H 1
| #define HAVE_INTTYPES_H 1
| #define HAVE_STDINT_H 1
| #define HAVE_UNISTD_H 1
| #define HAVE_DLFCN_H 1
| #define LT_OBJDIR ".libs/"
| #define HAVE_AIO_H 1
| #define HAVE_LIBRT 1
| #define HAVE_UUID_UUID_H 1
| #define HAVE_LIBUUID 1
| #define HAVE_PTHREAD_H 1
| #define HAVE_LIBPTHREAD 1
| #define SIZEOF_LONG 8
| #define SIZEOF_CHAR_P 8
| /* end confdefs.h.  */
| 
| #include <sys/types.h>
| #include <stdlib.h>
| #include <stddef.h>
| 
| int
| main ()
| {
| 
|          __psint_t  psint;
| 
|   ;
|   return 0;
| }
configure:13544: result: no
configure:13549: checking for __psunsigned_t 
configure:13568: gcc -c -g -O2  conftest.c >&5
conftest.c: In function 'main':
conftest.c:38:9: error: unknown type name '__psunsigned_t'
         __psunsigned_t  psuint;
         ^
configure:13568: $? = 1
configure: failed program was:
| /* confdefs.h */
| #define PACKAGE_NAME "xfsprogs"
| #define PACKAGE_TARNAME "xfsprogs"
| #define PACKAGE_VERSION "3.2.0-alpha2"
| #define PACKAGE_STRING "xfsprogs 3.2.0-alpha2"
| #define PACKAGE_BUGREPORT ""
| #define PACKAGE_URL ""
| #define STDC_HEADERS 1
| #define HAVE_SYS_TYPES_H 1
| #define HAVE_SYS_STAT_H 1
| #define HAVE_STDLIB_H 1
| #define HAVE_STRING_H 1
| #define HAVE_MEMORY_H 1
| #define HAVE_STRINGS_H 1
| #define HAVE_INTTYPES_H 1
| #define HAVE_STDINT_H 1
| #define HAVE_UNISTD_H 1
| #define HAVE_DLFCN_H 1
| #define LT_OBJDIR ".libs/"
| #define HAVE_AIO_H 1
| #define HAVE_LIBRT 1
| #define HAVE_UUID_UUID_H 1
| #define HAVE_LIBUUID 1
| #define HAVE_PTHREAD_H 1
| #define HAVE_LIBPTHREAD 1
| #define SIZEOF_LONG 8
| #define SIZEOF_CHAR_P 8
| /* end confdefs.h.  */
| 
| #include <sys/types.h>
| #include <stdlib.h>
| #include <stddef.h>
| 
| int
| main ()
| {
| 
|         __psunsigned_t  psuint;
| 
|   ;
|   return 0;
| }
configure:13573: result: no
configure:13578: checking for __u32 
configure:13597: gcc -c -g -O2  conftest.c >&5
configure:13597: $? = 0
configure:13599: result: yes
configure:13607: checking for umode_t
configure:13624: gcc -c -g -O2  conftest.c >&5
conftest.c: In function 'main':
conftest.c:37:10: error: unknown type name 'umode_t'
          umode_t umode;
          ^
configure:13624: $? = 1
configure: failed program was:
| /* confdefs.h */
| #define PACKAGE_NAME "xfsprogs"
| #define PACKAGE_TARNAME "xfsprogs"
| #define PACKAGE_VERSION "3.2.0-alpha2"
| #define PACKAGE_STRING "xfsprogs 3.2.0-alpha2"
| #define PACKAGE_BUGREPORT ""
| #define PACKAGE_URL ""
| #define STDC_HEADERS 1
| #define HAVE_SYS_TYPES_H 1
| #define HAVE_SYS_STAT_H 1
| #define HAVE_STDLIB_H 1
| #define HAVE_STRING_H 1
| #define HAVE_MEMORY_H 1
| #define HAVE_STRINGS_H 1
| #define HAVE_INTTYPES_H 1
| #define HAVE_STDINT_H 1
| #define HAVE_UNISTD_H 1
| #define HAVE_DLFCN_H 1
| #define LT_OBJDIR ".libs/"
| #define HAVE_AIO_H 1
| #define HAVE_LIBRT 1
| #define HAVE_UUID_UUID_H 1
| #define HAVE_LIBUUID 1
| #define HAVE_PTHREAD_H 1
| #define HAVE_LIBPTHREAD 1
| #define SIZEOF_LONG 8
| #define SIZEOF_CHAR_P 8
| #define HAVE___U32 1
| /* end confdefs.h.  */
| 
| #include <asm/types.h>
| 
| int
| main ()
| {
| 
|          umode_t umode;
| 
|   ;
|   return 0;
| }
configure:13629: result: no
configure:13761: creating ./config.status

## ---------------------- ##
## Running config.status. ##
## ---------------------- ##

This file was extended by xfsprogs config.status 3.2.0-alpha2, which was
generated by GNU Autoconf 2.68.  Invocation command line was

  CONFIG_FILES    = 
  CONFIG_HEADERS  = 
  CONFIG_LINKS    = 
  CONFIG_COMMANDS = 
  $ ./config.status 

on fwu-virtual-machine

config.status:1156: creating include/builddefs
config.status:1156: creating include/platform_defs.h
config.status:1340: executing libtool commands

## ---------------- ##
## Cache variables. ##
## ---------------- ##

ac_cv_build=x86_64-unknown-linux-gnu
ac_cv_c_compiler_gnu=yes
ac_cv_env_CC_set=
ac_cv_env_CC_value=
ac_cv_env_CFLAGS_set=
ac_cv_env_CFLAGS_value=
ac_cv_env_CPPFLAGS_set=
ac_cv_env_CPPFLAGS_value=
ac_cv_env_CPP_set=
ac_cv_env_CPP_value=
ac_cv_env_LDFLAGS_set=
ac_cv_env_LDFLAGS_value=
ac_cv_env_LIBS_set=
ac_cv_env_LIBS_value=
ac_cv_env_build_alias_set=
ac_cv_env_build_alias_value=
ac_cv_env_host_alias_set=
ac_cv_env_host_alias_value=
ac_cv_env_target_alias_set=
ac_cv_env_target_alias_value=
ac_cv_func_blkid_probe_get_topology=no
ac_cv_func_lio_listio=no
ac_cv_func_uuid_compare=no
ac_cv_gcc_nodeps=yes
ac_cv_header_aio_h=yes
ac_cv_header_dlfcn_h=yes
ac_cv_header_inttypes_h=yes
ac_cv_header_memory_h=yes
ac_cv_header_pthread_h=yes
ac_cv_header_stdc=yes
ac_cv_header_stdint_h=yes
ac_cv_header_stdlib_h=yes
ac_cv_header_string_h=yes
ac_cv_header_strings_h=yes
ac_cv_header_sys_stat_h=yes
ac_cv_header_sys_types_h=yes
ac_cv_header_sys_uuid_h=no
ac_cv_header_unistd_h=yes
ac_cv_header_uuid_h=no
ac_cv_header_uuid_uuid_h=yes
ac_cv_host=x86_64-unknown-linux-gnu
ac_cv_lib_pthread_pthread_mutex_init=yes
ac_cv_lib_rt_lio_listio=yes
ac_cv_lib_uuid_uuid_compare=yes
ac_cv_objext=o
ac_cv_path_EGREP='/bin/grep -E'
ac_cv_path_FGREP='/bin/grep -F'
ac_cv_path_GREP=/bin/grep
ac_cv_path_MAKE=/usr/bin/make
ac_cv_path_MSGFMT=/usr/bin/msgfmt
ac_cv_path_MSGMERGE=/usr/bin/msgmerge
ac_cv_path_SED=/bin/sed
ac_cv_path_SORT=/usr/bin/sort
ac_cv_path_TAR=/bin/tar
ac_cv_path_XGETTEXT=/usr/bin/xgettext
ac_cv_path_ZIP=/bin/gzip
ac_cv_prog_AWK=mawk
ac_cv_prog_CPP='gcc -E'
ac_cv_prog_ac_ct_AR=ar
ac_cv_prog_ac_ct_CC=gcc
ac_cv_prog_ac_ct_MANIFEST_TOOL=mt
ac_cv_prog_ac_ct_OBJDUMP=objdump
ac_cv_prog_ac_ct_RANLIB=ranlib
ac_cv_prog_ac_ct_STRIP=strip
ac_cv_prog_cc_c89=
ac_cv_prog_cc_g=yes
ac_cv_search_blkid_probe_all=no
ac_cv_sizeof_char_p=8
ac_cv_sizeof_long=8
lt_cv_ar_at_file=@
lt_cv_archive_cmds_need_lc=no
lt_cv_deplibs_check_method=pass_all
lt_cv_file_magic_cmd='$MAGIC_CMD'
lt_cv_file_magic_test_file=
lt_cv_ld_reload_flag=-r
lt_cv_nm_interface='BSD nm'
lt_cv_objdir=.libs
lt_cv_path_LD=/usr/bin/ld
lt_cv_path_NM='/usr/bin/nm -B'
lt_cv_path_mainfest_tool=no
lt_cv_prog_compiler_c_o=yes
lt_cv_prog_compiler_pic='-fPIC -DPIC'
lt_cv_prog_compiler_pic_works=yes
lt_cv_prog_compiler_rtti_exceptions=no
lt_cv_prog_compiler_static_works=yes
lt_cv_prog_gnu_ld=yes
lt_cv_sharedlib_from_linklib_cmd='printf %s\n'
lt_cv_shlibpath_overrides_runpath=no
lt_cv_sys_global_symbol_pipe='sed -n -e '\''s/^.*[	 ]\([ABCDGIRSTW][ABCDGIRSTW]*\)[	 ][	 ]*\([_A-Za-z][_A-Za-z0-9]*\)$/\1 \2 \2/p'\'' | sed '\''/ __gnu_lto/d'\'''
lt_cv_sys_global_symbol_to_c_name_address='sed -n -e '\''s/^: \([^ ]*\)[ ]*$/  {\"\1\", (void *) 0},/p'\'' -e '\''s/^[ABCDGIRSTW]* \([^ ]*\) \([^ ]*\)$/  {"\2", (void *) \&\2},/p'\'''
lt_cv_sys_global_symbol_to_c_name_address_lib_prefix='sed -n -e '\''s/^: \([^ ]*\)[ ]*$/  {\"\1\", (void *) 0},/p'\'' -e '\''s/^[ABCDGIRSTW]* \([^ ]*\) \(lib[^ ]*\)$/  {"\2", (void *) \&\2},/p'\'' -e '\''s/^[ABCDGIRSTW]* \([^ ]*\) \([^ ]*\)$/  {"lib\2", (void *) \&\2},/p'\'''
lt_cv_sys_global_symbol_to_cdecl='sed -n -e '\''s/^T .* \(.*\)$/extern int \1();/p'\'' -e '\''s/^[ABCDGIRSTW]* .* \(.*\)$/extern char \1;/p'\'''
lt_cv_sys_max_cmd_len=3458764513820540925
lt_cv_to_host_file_cmd=func_convert_file_noop
lt_cv_to_tool_file_cmd=func_convert_file_noop

## ----------------- ##
## Output variables. ##
## ----------------- ##

AR='ar'
AWK='mawk'
CC='gcc'
CFLAGS='-g -O2'
CPP='gcc -E'
CPPFLAGS=''
DEFS='-DHAVE_CONFIG_H'
DLLTOOL='false'
DSYMUTIL=''
DUMPBIN=''
ECHO='printf %s\n'
ECHO_C=''
ECHO_N='-n'
ECHO_T=''
EGREP='/bin/grep -E'
EXEEXT=''
FGREP='/bin/grep -F'
GREP='/bin/grep'
LD='/usr/bin/ld -m elf_x86_64'
LDFLAGS=''
LIBOBJS=''
LIBS='-lpthread -luuid -lrt '
LIBTOOL='$(SHELL) $(top_builddir)/libtool'
LIPO=''
LN_S='ln -s'
LOCALIZED_FILES=' $(TOPDIR)/./db/malloc.c $(TOPDIR)/./db/strvec.c $(TOPDIR)/./db/bit.c $(TOPDIR)/./db/agf.c $(TOPDIR)/./db/addr.c $(TOPDIR)/./db/attrset.c $(TOPDIR)/./db/fprint.c $(TOPDIR)/./db/attrshort.c $(TOPDIR)/./db/block.c $(TOPDIR)/./db/io.c $(TOPDIR)/./db/field.c $(TOPDIR)/./db/command.c $(TOPDIR)/./db/echo.c $(TOPDIR)/./db/inode.c $(TOPDIR)/./db/text.c $(TOPDIR)/./db/flist.c $(TOPDIR)/./db/btblock.c $(TOPDIR)/./db/dir2sf.c $(TOPDIR)/./db/sig.c $(TOPDIR)/./db/bmap.c $(TOPDIR)/./db/check.c $(TOPDIR)/./db/faddr.c $(TOPDIR)/./db/agi.c $(TOPDIR)/./db/frag.c $(TOPDIR)/./db/dquot.c $(TOPDIR)/./db/help.c $(TOPDIR)/./db/metadump.c $(TOPDIR)/./db/bmroot.c $(TOPDIR)/./db/type.c $(TOPDIR)/./db/output.c $(TOPDIR)/./db/input.c $(TOPDIR)/./db/dir2.c $(TOPDIR)/./db/attr.c $(TOPDIR)/./db/init.c $(TOPDIR)/./db/agfl.c $(TOPDIR)/./db/debug.c $(TOPDIR)/./db/freesp.c $(TOPDIR)/./db/write.c $(TOPDIR)/./db/convert.c $(TOPDIR)/./db/sb.c $(TOPDIR)/./db/quit.c $(TOPDIR)/./db/hash.c $(TOPDIR)/./db/symlink.c $(TOPDIR)/./db/print.c $(TOPDIR)/./mdrestore/xfs_mdrestore.c $(TOPDIR)/./libxlog/util.c $(TOPDIR)/./libxlog/xfs_log_recover.c $(TOPDIR)/./libxcmd/projects.c $(TOPDIR)/./libxcmd/command.c $(TOPDIR)/./libxcmd/paths.c $(TOPDIR)/./libxcmd/help.c $(TOPDIR)/./libxcmd/input.c $(TOPDIR)/./libxcmd/quit.c $(TOPDIR)/./io/sendfile.c $(TOPDIR)/./io/fadvise.c $(TOPDIR)/./io/freeze.c $(TOPDIR)/./io/madvise.c $(TOPDIR)/./io/readdir.c $(TOPDIR)/./io/pwrite.c $(TOPDIR)/./io/resblks.c $(TOPDIR)/./io/truncate.c $(TOPDIR)/./io/link.c $(TOPDIR)/./io/mincore.c $(TOPDIR)/./io/imap.c $(TOPDIR)/./io/parent.c $(TOPDIR)/./io/open.c $(TOPDIR)/./io/bmap.c $(TOPDIR)/./io/fiemap.c $(TOPDIR)/./io/prealloc.c $(TOPDIR)/./io/fsync.c $(TOPDIR)/./io/file.c $(TOPDIR)/./io/shutdown.c $(TOPDIR)/./io/getrusage.c $(TOPDIR)/./io/sync_file_range.c $(TOPDIR)/./io/inject.c $(TOPDIR)/./io/seek.c $(TOPDIR)/./io/pread.c $(TOPDIR)/./io/attr.c $(TOPDIR)/./io/init.c $(TOPDIR)/./io/mmap.c $(TOPDIR)/./mkfs/fstyp.c $(TOPDIR)/./mkfs/maxtrres.c $(TOPDIR)/./mkfs/proto.c $(TOPDIR)/./mkfs/xfs_mkfs.c $(TOPDIR)/./quota/util.c $(TOPDIR)/./quota/darwin.c $(TOPDIR)/./quota/free.c $(TOPDIR)/./quota/quota.c $(TOPDIR)/./quota/project.c $(TOPDIR)/./quota/edit.c $(TOPDIR)/./quota/report.c $(TOPDIR)/./quota/irix.c $(TOPDIR)/./quota/linux.c $(TOPDIR)/./quota/init.c $(TOPDIR)/./quota/freebsd.c $(TOPDIR)/./quota/quot.c $(TOPDIR)/./quota/state.c $(TOPDIR)/./quota/path.c $(TOPDIR)/./libdisk/md.c $(TOPDIR)/./libdisk/evms.c $(TOPDIR)/./libdisk/drivers.c $(TOPDIR)/./libdisk/dm.c $(TOPDIR)/./libdisk/fstype.c $(TOPDIR)/./libdisk/lvm.c $(TOPDIR)/./libdisk/pttype.c $(TOPDIR)/./libdisk/xvm.c $(TOPDIR)/./logprint/log_print_all.c $(TOPDIR)/./logprint/log_dump.c $(TOPDIR)/./logprint/log_print_trans.c $(TOPDIR)/./logprint/logprint.c $(TOPDIR)/./logprint/log_misc.c $(TOPDIR)/./logprint/log_copy.c $(TOPDIR)/./rtcp/xfs_rtcp.c $(TOPDIR)/./fsr/xfs_fsr.c $(TOPDIR)/./repair/incore_ino.c $(TOPDIR)/./repair/dino_chunks.c $(TOPDIR)/./repair/phase4.c $(TOPDIR)/./repair/dinode.c $(TOPDIR)/./repair/prefetch.c $(TOPDIR)/./repair/threads.c $(TOPDIR)/./repair/phase7.c $(TOPDIR)/./repair/avl64.c $(TOPDIR)/./repair/attr_repair.c $(TOPDIR)/./repair/incore_ext.c $(TOPDIR)/./repair/incore_bmc.c $(TOPDIR)/./repair/globals.c $(TOPDIR)/./repair/xfs_repair.c $(TOPDIR)/./repair/avl.c $(TOPDIR)/./repair/bmap.c $(TOPDIR)/./repair/phase6.c $(TOPDIR)/./repair/rt.c $(TOPDIR)/./repair/scan.c $(TOPDIR)/./repair/phase5.c $(TOPDIR)/./repair/versions.c $(TOPDIR)/./repair/phase1.c $(TOPDIR)/./repair/btree.c $(TOPDIR)/./repair/dir2.c $(TOPDIR)/./repair/init.c $(TOPDIR)/./repair/incore.c $(TOPDIR)/./repair/sb.c $(TOPDIR)/./repair/phase2.c $(TOPDIR)/./repair/progress.c $(TOPDIR)/./repair/phase3.c $(TOPDIR)/./repair/agheader.c $(TOPDIR)/./libhandle/jdm.c $(TOPDIR)/./libhandle/handle.c $(TOPDIR)/./copy/xfs_copy.c $(TOPDIR)/./estimate/xfs_estimate.c $(TOPDIR)/./libxfs/util.c $(TOPDIR)/./libxfs/xfs_attr.c $(TOPDIR)/./libxfs/darwin.c $(TOPDIR)/./libxfs/rdwr.c $(TOPDIR)/./libxfs/xfs_ialloc_btree.c $(TOPDIR)/./libxfs/radix-tree.c $(TOPDIR)/./libxfs/xfs_rtbitmap.c $(TOPDIR)/./libxfs/xfs_trans_resv.c $(TOPDIR)/./libxfs/xfs_btree.c $(TOPDIR)/./libxfs/xfs_da_btree.c $(TOPDIR)/./libxfs/xfs_bmap.c $(TOPDIR)/./libxfs/xfs_dir2_leaf.c $(TOPDIR)/./libxfs/xfs_ialloc.c $(TOPDIR)/./libxfs/kmem.c $(TOPDIR)/./libxfs/xfs_attr_leaf.c $(TOPDIR)/./libxfs/xfs_dir2.c $(TOPDIR)/./libxfs/xfs_attr_remote.c $(TOPDIR)/./libxfs/xfs_dir2_data.c $(TOPDIR)/./libxfs/xfs_dir2_node.c $(TOPDIR)/./libxfs/xfs_log_rlimit.c $(TOPDIR)/./libxfs/logitem.c $(TOPDIR)/./libxfs/xfs_alloc_btree.c $(TOPDIR)/./libxfs/xfs_symlink_remote.c $(TOPDIR)/./libxfs/cache.c $(TOPDIR)/./libxfs/gen_crc32table.c $(TOPDIR)/./libxfs/xfs_sb.c $(TOPDIR)/./libxfs/irix.c $(TOPDIR)/./libxfs/xfs_alloc.c $(TOPDIR)/./libxfs/linux.c $(TOPDIR)/./libxfs/xfs_bmap_btree.c $(TOPDIR)/./libxfs/xfs_dir2_block.c $(TOPDIR)/./libxfs/xfs_dir2_sf.c $(TOPDIR)/./libxfs/trans.c $(TOPDIR)/./libxfs/crc32.c $(TOPDIR)/./libxfs/init.c $(TOPDIR)/./libxfs/freebsd.c $(TOPDIR)/./libxfs/xfs_dquot_buf.c $(TOPDIR)/./libxfs/xfs_inode_buf.c $(TOPDIR)/./libxfs/xfs_inode_fork.c $(TOPDIR)/./growfs/xfs_growfs.c'
LTLIBOBJS=''
MAKE='/usr/bin/make'
MANIFEST_TOOL=':'
MSGFMT='/usr/bin/msgfmt'
MSGMERGE='/usr/bin/msgmerge'
NM='/usr/bin/nm -B'
NMEDIT=''
OBJDUMP='objdump'
OBJEXT='o'
OTOOL64=''
OTOOL=''
PACKAGE_BUGREPORT=''
PACKAGE_NAME='xfsprogs'
PACKAGE_STRING='xfsprogs 3.2.0-alpha2'
PACKAGE_TARNAME='xfsprogs'
PACKAGE_URL=''
PACKAGE_VERSION='3.2.0-alpha2'
PATH_SEPARATOR=':'
RANLIB='ranlib'
RPM=''
RPMBUILD=''
SED='/bin/sed'
SHELL='/bin/bash'
SORT='/usr/bin/sort'
STRIP='strip'
TAR='/bin/tar'
XGETTEXT='/usr/bin/xgettext'
ZIP='/bin/gzip'
ac_ct_AR='ar'
ac_ct_CC='gcc'
ac_ct_DUMPBIN=''
awk='mawk'
bindir='${exec_prefix}/bin'
build='x86_64-unknown-linux-gnu'
build_alias=''
build_cpu='x86_64'
build_os='linux-gnu'
build_vendor='unknown'
cc='gcc'
datadir='${datarootdir}'
datarootdir='${prefix}/share'
debug_build='-DDEBUG'
docdir='${datarootdir}/doc/${PACKAGE_TARNAME}'
dvidir='${docdir}'
echo='printf %s\n'
enable_blkid='no'
enable_editline='no'
enable_gettext='yes'
enable_lib64='yes'
enable_readline='no'
enable_shared='yes'
exec_prefix='${prefix}'
have_fadvise='yes'
have_fallocate='yes'
have_fiemap='yes'
have_getmntent='yes'
have_getmntinfo=''
have_madvise='yes'
have_mincore='yes'
have_preadv='yes'
have_readdir='yes'
have_sendfile='yes'
have_sync_file_range='yes'
have_zipped_manpages='false'
host='x86_64-unknown-linux-gnu'
host_alias=''
host_cpu='x86_64'
host_os='linux-gnu'
host_vendor='unknown'
htmldir='${docdir}'
includedir='${prefix}/include'
infodir='${datarootdir}/info'
libblkid=''
libdir='${exec_prefix}/lib'
libdirsuffix=''
libeditline=''
libexecdir='${exec_prefix}/libexec'
libpthread='-lpthread'
libreadline=''
librt='-lrt'
libtermcap=''
libuuid='-luuid'
localedir='${datarootdir}/locale'
localstatedir='${prefix}/var'
make='/usr/bin/make'
makedepend='gcc -MM'
malloc_lib=''
mandir='${datarootdir}/man'
msgfmt='/usr/bin/msgfmt'
msgmerge='/usr/bin/msgmerge'
oldincludedir='/usr/include'
opt_build='-g -O2'
pdfdir='${docdir}'
pkg_distribution='Linux'
pkg_group='fwu'
pkg_name='xfsprogs'
pkg_platform='linux'
pkg_release='1'
pkg_user='fwu'
pkg_version='3.2.1'
prefix='/usr'
program_transform_name='s,x,x,'
psdir='${docdir}'
root_libdir='/lib'
root_sbindir='/sbin'
rpm=''
rpm_version='0'
rpmbuild=''
sbindir='${exec_prefix}/sbin'
sed='/bin/sed'
sharedstatedir='${prefix}/com'
sort='/usr/bin/sort'
sysconfdir='${prefix}/etc'
tar='/bin/tar'
target_alias=''
xgettext='/usr/bin/xgettext'
zip='/bin/gzip'

## ----------- ##
## confdefs.h. ##
## ----------- ##

/* confdefs.h */
#define PACKAGE_NAME "xfsprogs"
#define PACKAGE_TARNAME "xfsprogs"
#define PACKAGE_VERSION "3.2.0-alpha2"
#define PACKAGE_STRING "xfsprogs 3.2.0-alpha2"
#define PACKAGE_BUGREPORT ""
#define PACKAGE_URL ""
#define STDC_HEADERS 1
#define HAVE_SYS_TYPES_H 1
#define HAVE_SYS_STAT_H 1
#define HAVE_STDLIB_H 1
#define HAVE_STRING_H 1
#define HAVE_MEMORY_H 1
#define HAVE_STRINGS_H 1
#define HAVE_INTTYPES_H 1
#define HAVE_STDINT_H 1
#define HAVE_UNISTD_H 1
#define HAVE_DLFCN_H 1
#define LT_OBJDIR ".libs/"
#define HAVE_AIO_H 1
#define HAVE_LIBRT 1
#define HAVE_UUID_UUID_H 1
#define HAVE_LIBUUID 1
#define HAVE_PTHREAD_H 1
#define HAVE_LIBPTHREAD 1
#define SIZEOF_LONG 8
#define SIZEOF_CHAR_P 8
#define HAVE___U32 1

configure: exit 0
